CRITICAL - 2025-05-24 22:11:57 --> ErrorException: Undefined variable $nome
[Method: GET, Route: /]
in APPPATH\Views\home.php on line 10.
 1 APPPATH\Views\home.php(10): CodeIgniter\Debug\Exceptions->errorHandler(2, 'Undefined variable $nome', 'C:\\wamp64\\www\\Confitech\\CI4\\app\\Views\\home.php', 10)
 2 SYSTEMPATH\View\View.php(224): include('C:\\wamp64\\www\\Confitech\\CI4\\app\\Views\\home.php')
 3 SYSTEMPATH\View\View.php(227): CodeIgniter\View\View->CodeIgniter\View\{closure}()
 4 SYSTEMPATH\Common.php(1173): CodeIgniter\View\View->render('home', [], true)
 5 APPPATH\Controllers\Home.php(18): view('home', [...])
 6 SYSTEMPATH\CodeIgniter.php(933): App\Controllers\Home->index()
 7 SYSTEMPATH\CodeIgniter.php(507): CodeIgniter\CodeIgniter->runController(Object(App\Controllers\Home))
 8 SYSTEMPATH\CodeIgniter.php(354): CodeIgniter\CodeIgniter->handleRequest(null, Object(Config\Cache), false)
 9 SYSTEMPATH\Boot.php(334): CodeIgniter\CodeIgniter->run()
10 SYSTEMPATH\Boot.php(67): CodeIgniter\Boot::runCodeIgniter(Object(CodeIgniter\CodeIgniter))
11 FCPATH\index.php(59): CodeIgniter\Boot::bootWeb(Object(Config\Paths))
CRITICAL - 2025-05-24 22:12:04 --> ErrorException: Undefined variable $nome
[Method: GET, Route: /]
in APPPATH\Views\home.php on line 10.
 1 APPPATH\Views\home.php(10): CodeIgniter\Debug\Exceptions->errorHandler(2, 'Undefined variable $nome', 'C:\\wamp64\\www\\Confitech\\CI4\\app\\Views\\home.php', 10)
 2 SYSTEMPATH\View\View.php(224): include('C:\\wamp64\\www\\Confitech\\CI4\\app\\Views\\home.php')
 3 SYSTEMPATH\View\View.php(227): CodeIgniter\View\View->CodeIgniter\View\{closure}()
 4 SYSTEMPATH\Common.php(1173): CodeIgniter\View\View->render('home', [], true)
 5 APPPATH\Controllers\Home.php(18): view('home', [...])
 6 SYSTEMPATH\CodeIgniter.php(933): App\Controllers\Home->index()
 7 SYSTEMPATH\CodeIgniter.php(507): CodeIgniter\CodeIgniter->runController(Object(App\Controllers\Home))
 8 SYSTEMPATH\CodeIgniter.php(354): CodeIgniter\CodeIgniter->handleRequest(null, Object(Config\Cache), false)
 9 SYSTEMPATH\Boot.php(334): CodeIgniter\CodeIgniter->run()
10 SYSTEMPATH\Boot.php(67): CodeIgniter\Boot::runCodeIgniter(Object(CodeIgniter\CodeIgniter))
11 FCPATH\index.php(59): CodeIgniter\Boot::bootWeb(Object(Config\Paths))
CRITICAL - 2025-05-24 22:12:20 --> ErrorException: Undefined variable $nome
[Method: GET, Route: /]
in APPPATH\Views\home.php on line 10.
 1 APPPATH\Views\home.php(10): CodeIgniter\Debug\Exceptions->errorHandler(2, 'Undefined variable $nome', 'C:\\wamp64\\www\\Confitech\\CI4\\app\\Views\\home.php', 10)
 2 SYSTEMPATH\View\View.php(224): include('C:\\wamp64\\www\\Confitech\\CI4\\app\\Views\\home.php')
 3 SYSTEMPATH\View\View.php(227): CodeIgniter\View\View->CodeIgniter\View\{closure}()
 4 SYSTEMPATH\Common.php(1173): CodeIgniter\View\View->render('home', [], true)
 5 APPPATH\Controllers\Home.php(18): view('home', [...])
 6 SYSTEMPATH\CodeIgniter.php(933): App\Controllers\Home->index()
 7 SYSTEMPATH\CodeIgniter.php(507): CodeIgniter\CodeIgniter->runController(Object(App\Controllers\Home))
 8 SYSTEMPATH\CodeIgniter.php(354): CodeIgniter\CodeIgniter->handleRequest(null, Object(Config\Cache), false)
 9 SYSTEMPATH\Boot.php(334): CodeIgniter\CodeIgniter->run()
10 SYSTEMPATH\Boot.php(67): CodeIgniter\Boot::runCodeIgniter(Object(CodeIgniter\CodeIgniter))
11 FCPATH\index.php(59): CodeIgniter\Boot::bootWeb(Object(Config\Paths))
CRITICAL - 2025-05-24 22:23:29 --> ErrorException: Undefined variable $nome
[Method: GET, Route: /]
in APPPATH\Views\home.php on line 10.
 1 APPPATH\Views\home.php(10): CodeIgniter\Debug\Exceptions->errorHandler(2, 'Undefined variable $nome', 'C:\\wamp64\\www\\Confitech\\CI4\\app\\Views\\home.php', 10)
 2 SYSTEMPATH\View\View.php(224): include('C:\\wamp64\\www\\Confitech\\CI4\\app\\Views\\home.php')
 3 SYSTEMPATH\View\View.php(227): CodeIgniter\View\View->CodeIgniter\View\{closure}()
 4 SYSTEMPATH\Common.php(1173): CodeIgniter\View\View->render('home', [], true)
 5 APPPATH\Controllers\Home.php(19): view('home', [...])
 6 SYSTEMPATH\CodeIgniter.php(933): App\Controllers\Home->index()
 7 SYSTEMPATH\CodeIgniter.php(507): CodeIgniter\CodeIgniter->runController(Object(App\Controllers\Home))
 8 SYSTEMPATH\CodeIgniter.php(354): CodeIgniter\CodeIgniter->handleRequest(null, Object(Config\Cache), false)
 9 SYSTEMPATH\Boot.php(334): CodeIgniter\CodeIgniter->run()
10 SYSTEMPATH\Boot.php(67): CodeIgniter\Boot::runCodeIgniter(Object(CodeIgniter\CodeIgniter))
11 FCPATH\index.php(59): CodeIgniter\Boot::bootWeb(Object(Config\Paths))
CRITICAL - 2025-05-24 23:40:17 --> ErrorException: Undefined variable $alunos
[Method: GET, Route: /]
in APPPATH\Views\home.php on line 11.
 1 APPPATH\Views\home.php(11): CodeIgniter\Debug\Exceptions->errorHandler(2, 'Undefined variable $alunos', 'C:\\wamp64\\www\\Confitech\\CI4\\app\\Views\\home.php', 11)
 2 SYSTEMPATH\View\View.php(224): include('C:\\wamp64\\www\\Confitech\\CI4\\app\\Views\\home.php')
 3 SYSTEMPATH\View\View.php(227): CodeIgniter\View\View->CodeIgniter\View\{closure}()
 4 SYSTEMPATH\Common.php(1173): CodeIgniter\View\View->render('home', [], true)
 5 APPPATH\Controllers\Home.php(24): view('home', [...])
 6 SYSTEMPATH\CodeIgniter.php(933): App\Controllers\Home->index()
 7 SYSTEMPATH\CodeIgniter.php(507): CodeIgniter\CodeIgniter->runController(Object(App\Controllers\Home))
 8 SYSTEMPATH\CodeIgniter.php(354): CodeIgniter\CodeIgniter->handleRequest(null, Object(Config\Cache), false)
 9 SYSTEMPATH\Boot.php(334): CodeIgniter\CodeIgniter->run()
10 SYSTEMPATH\Boot.php(67): CodeIgniter\Boot::runCodeIgniter(Object(CodeIgniter\CodeIgniter))
11 FCPATH\index.php(59): CodeIgniter\Boot::bootWeb(Object(Config\Paths))
CRITICAL - 2025-05-24 23:40:38 --> ErrorException: Undefined variable $alunos
[Method: GET, Route: /]
in APPPATH\Views\home.php on line 11.
 1 APPPATH\Views\home.php(11): CodeIgniter\Debug\Exceptions->errorHandler(2, 'Undefined variable $alunos', 'C:\\wamp64\\www\\Confitech\\CI4\\app\\Views\\home.php', 11)
 2 SYSTEMPATH\View\View.php(224): include('C:\\wamp64\\www\\Confitech\\CI4\\app\\Views\\home.php')
 3 SYSTEMPATH\View\View.php(227): CodeIgniter\View\View->CodeIgniter\View\{closure}()
 4 SYSTEMPATH\Common.php(1173): CodeIgniter\View\View->render('home', [], true)
 5 APPPATH\Controllers\Home.php(24): view('home', [...])
 6 SYSTEMPATH\CodeIgniter.php(933): App\Controllers\Home->index()
 7 SYSTEMPATH\CodeIgniter.php(507): CodeIgniter\CodeIgniter->runController(Object(App\Controllers\Home))
 8 SYSTEMPATH\CodeIgniter.php(354): CodeIgniter\CodeIgniter->handleRequest(null, Object(Config\Cache), false)
 9 SYSTEMPATH\Boot.php(334): CodeIgniter\CodeIgniter->run()
10 SYSTEMPATH\Boot.php(67): CodeIgniter\Boot::runCodeIgniter(Object(CodeIgniter\CodeIgniter))
11 FCPATH\index.php(59): CodeIgniter\Boot::bootWeb(Object(Config\Paths))
CRITICAL - 2025-05-24 23:45:08 --> ErrorException: Undefined variable $alunos
[Method: GET, Route: /]
in APPPATH\Views\home.php on line 11.
 1 APPPATH\Views\home.php(11): CodeIgniter\Debug\Exceptions->errorHandler(2, 'Undefined variable $alunos', 'C:\\wamp64\\www\\Confitech\\CI4\\app\\Views\\home.php', 11)
 2 SYSTEMPATH\View\View.php(224): include('C:\\wamp64\\www\\Confitech\\CI4\\app\\Views\\home.php')
 3 SYSTEMPATH\View\View.php(227): CodeIgniter\View\View->CodeIgniter\View\{closure}()
 4 SYSTEMPATH\Common.php(1173): CodeIgniter\View\View->render('home', [], true)
 5 APPPATH\Controllers\Home.php(24): view('home', [...], [])
 6 SYSTEMPATH\CodeIgniter.php(933): App\Controllers\Home->index()
 7 SYSTEMPATH\CodeIgniter.php(507): CodeIgniter\CodeIgniter->runController(Object(App\Controllers\Home))
 8 SYSTEMPATH\CodeIgniter.php(354): CodeIgniter\CodeIgniter->handleRequest(null, Object(Config\Cache), false)
 9 SYSTEMPATH\Boot.php(334): CodeIgniter\CodeIgniter->run()
10 SYSTEMPATH\Boot.php(67): CodeIgniter\Boot::runCodeIgniter(Object(CodeIgniter\CodeIgniter))
11 FCPATH\index.php(59): CodeIgniter\Boot::bootWeb(Object(Config\Paths))
