CRITICAL - 2025-05-25 15:01:50 --> CodeIgniter\View\Exceptions\ViewException: Invalid file: "alunos/index.php"
[Method: GET, Route: /]
in SYSTEMPATH\Exceptions\FrameworkException.php on line 39.
 1 SYSTEMPATH\View\View.php(212): CodeIgniter\Exceptions\FrameworkException::forInvalidFile('alunos/index.php')
 2 SYSTEMPATH\Common.php(1173): CodeIgniter\View\View->render('alunos/index', [], true)
 3 APPPATH\Controllers\Alunos.php(11): view('alunos/index', [...])
 4 SYSTEMPATH\CodeIgniter.php(933): App\Controllers\Alunos->index()
 5 SYSTEMPATH\CodeIgniter.php(507): CodeIgniter\CodeIgniter->runController(Object(App\Controllers\Alunos))
 6 SYSTEMPATH\CodeIgniter.php(354): CodeIgniter\CodeIgniter->handleRequest(null, Object(Config\Cache), false)
 7 SYSTEMPATH\Boot.php(334): CodeIgniter\CodeIgniter->run()
 8 SYSTEMPATH\Boot.php(67): CodeIgniter\Boot::runCodeIgniter(Object(CodeIgniter\CodeIgniter))
 9 FCPATH\index.php(59): CodeIgniter\Boot::bootWeb(Object(Config\Paths))
CRITICAL - 2025-05-25 15:02:20 --> CodeIgniter\View\Exceptions\ViewException: Invalid file: "alunos/index.php"
[Method: GET, Route: /]
in SYSTEMPATH\Exceptions\FrameworkException.php on line 39.
 1 SYSTEMPATH\View\View.php(212): CodeIgniter\Exceptions\FrameworkException::forInvalidFile('alunos/index.php')
 2 SYSTEMPATH\Common.php(1173): CodeIgniter\View\View->render('alunos/index', [], true)
 3 APPPATH\Controllers\Alunos.php(11): view('alunos/index', [...])
 4 SYSTEMPATH\CodeIgniter.php(933): App\Controllers\Alunos->index()
 5 SYSTEMPATH\CodeIgniter.php(507): CodeIgniter\CodeIgniter->runController(Object(App\Controllers\Alunos))
 6 SYSTEMPATH\CodeIgniter.php(354): CodeIgniter\CodeIgniter->handleRequest(null, Object(Config\Cache), false)
 7 SYSTEMPATH\Boot.php(334): CodeIgniter\CodeIgniter->run()
 8 SYSTEMPATH\Boot.php(67): CodeIgniter\Boot::runCodeIgniter(Object(CodeIgniter\CodeIgniter))
 9 FCPATH\index.php(59): CodeIgniter\Boot::bootWeb(Object(Config\Paths))
CRITICAL - 2025-05-25 15:11:40 --> CodeIgniter\View\Exceptions\ViewException: Invalid file: "alunos/index.php"
[Method: GET, Route: /]
in SYSTEMPATH\Exceptions\FrameworkException.php on line 39.
 1 SYSTEMPATH\View\View.php(212): CodeIgniter\Exceptions\FrameworkException::forInvalidFile('alunos/index.php')
 2 SYSTEMPATH\Common.php(1173): CodeIgniter\View\View->render('alunos/index', [], true)
 3 APPPATH\Controllers\Alunos.php(11): view('alunos/index', [...])
 4 SYSTEMPATH\CodeIgniter.php(933): App\Controllers\Alunos->index()
 5 SYSTEMPATH\CodeIgniter.php(507): CodeIgniter\CodeIgniter->runController(Object(App\Controllers\Alunos))
 6 SYSTEMPATH\CodeIgniter.php(354): CodeIgniter\CodeIgniter->handleRequest(null, Object(Config\Cache), false)
 7 SYSTEMPATH\Boot.php(334): CodeIgniter\CodeIgniter->run()
 8 SYSTEMPATH\Boot.php(67): CodeIgniter\Boot::runCodeIgniter(Object(CodeIgniter\CodeIgniter))
 9 FCPATH\index.php(59): CodeIgniter\Boot::bootWeb(Object(Config\Paths))
CRITICAL - 2025-05-25 17:23:17 --> ErrorException: Undefined variable $alunos
[Method: GET, Route: /]
in APPPATH\Views\alunos\home.php on line 17.
 1 APPPATH\Views\alunos\home.php(17): CodeIgniter\Debug\Exceptions->errorHandler(2, 'Undefined variable $alunos', 'C:\\wamp64\\www\\Confitech\\CI4\\app\\Views\\alunos\\home.php', 17)
 2 SYSTEMPATH\View\View.php(224): include('C:\\wamp64\\www\\Confitech\\CI4\\app\\Views\\alunos\\home.php')
 3 SYSTEMPATH\View\View.php(227): CodeIgniter\View\View->CodeIgniter\View\{closure}()
 4 SYSTEMPATH\Common.php(1173): CodeIgniter\View\View->render('alunos/home', [], true)
 5 APPPATH\Controllers\Aluno.php(19): view('alunos/home', [...])
 6 SYSTEMPATH\CodeIgniter.php(933): App\Controllers\Aluno->index()
 7 SYSTEMPATH\CodeIgniter.php(507): CodeIgniter\CodeIgniter->runController(Object(App\Controllers\Aluno))
 8 SYSTEMPATH\CodeIgniter.php(354): CodeIgniter\CodeIgniter->handleRequest(null, Object(Config\Cache), false)
 9 SYSTEMPATH\Boot.php(334): CodeIgniter\CodeIgniter->run()
10 SYSTEMPATH\Boot.php(67): CodeIgniter\Boot::runCodeIgniter(Object(CodeIgniter\CodeIgniter))
11 FCPATH\index.php(59): CodeIgniter\Boot::bootWeb(Object(Config\Paths))
CRITICAL - 2025-05-25 17:23:51 --> ErrorException: Undefined variable $aluno
[Method: GET, Route: /]
in APPPATH\Views\alunos\home.php on line 19.
 1 APPPATH\Views\alunos\home.php(19): CodeIgniter\Debug\Exceptions->errorHandler(2, 'Undefined variable $aluno', 'C:\\wamp64\\www\\Confitech\\CI4\\app\\Views\\alunos\\home.php', 19)
 2 SYSTEMPATH\View\View.php(224): include('C:\\wamp64\\www\\Confitech\\CI4\\app\\Views\\alunos\\home.php')
 3 SYSTEMPATH\View\View.php(227): CodeIgniter\View\View->CodeIgniter\View\{closure}()
 4 SYSTEMPATH\Common.php(1173): CodeIgniter\View\View->render('alunos/home', [], true)
 5 APPPATH\Controllers\Aluno.php(19): view('alunos/home', [...])
 6 SYSTEMPATH\CodeIgniter.php(933): App\Controllers\Aluno->index()
 7 SYSTEMPATH\CodeIgniter.php(507): CodeIgniter\CodeIgniter->runController(Object(App\Controllers\Aluno))
 8 SYSTEMPATH\CodeIgniter.php(354): CodeIgniter\CodeIgniter->handleRequest(null, Object(Config\Cache), false)
 9 SYSTEMPATH\Boot.php(334): CodeIgniter\CodeIgniter->run()
10 SYSTEMPATH\Boot.php(67): CodeIgniter\Boot::runCodeIgniter(Object(CodeIgniter\CodeIgniter))
11 FCPATH\index.php(59): CodeIgniter\Boot::bootWeb(Object(Config\Paths))
CRITICAL - 2025-05-25 17:23:53 --> ErrorException: Undefined variable $aluno
[Method: GET, Route: /]
in APPPATH\Views\alunos\home.php on line 19.
 1 APPPATH\Views\alunos\home.php(19): CodeIgniter\Debug\Exceptions->errorHandler(2, 'Undefined variable $aluno', 'C:\\wamp64\\www\\Confitech\\CI4\\app\\Views\\alunos\\home.php', 19)
 2 SYSTEMPATH\View\View.php(224): include('C:\\wamp64\\www\\Confitech\\CI4\\app\\Views\\alunos\\home.php')
 3 SYSTEMPATH\View\View.php(227): CodeIgniter\View\View->CodeIgniter\View\{closure}()
 4 SYSTEMPATH\Common.php(1173): CodeIgniter\View\View->render('alunos/home', [], true)
 5 APPPATH\Controllers\Aluno.php(19): view('alunos/home', [...])
 6 SYSTEMPATH\CodeIgniter.php(933): App\Controllers\Aluno->index()
 7 SYSTEMPATH\CodeIgniter.php(507): CodeIgniter\CodeIgniter->runController(Object(App\Controllers\Aluno))
 8 SYSTEMPATH\CodeIgniter.php(354): CodeIgniter\CodeIgniter->handleRequest(null, Object(Config\Cache), false)
 9 SYSTEMPATH\Boot.php(334): CodeIgniter\CodeIgniter->run()
10 SYSTEMPATH\Boot.php(67): CodeIgniter\Boot::runCodeIgniter(Object(CodeIgniter\CodeIgniter))
11 FCPATH\index.php(59): CodeIgniter\Boot::bootWeb(Object(Config\Paths))
CRITICAL - 2025-05-25 17:24:17 --> ErrorException: Undefined variable $aluno
[Method: GET, Route: /]
in APPPATH\Views\alunos\home.php on line 19.
 1 APPPATH\Views\alunos\home.php(19): CodeIgniter\Debug\Exceptions->errorHandler(2, 'Undefined variable $aluno', 'C:\\wamp64\\www\\Confitech\\CI4\\app\\Views\\alunos\\home.php', 19)
 2 SYSTEMPATH\View\View.php(224): include('C:\\wamp64\\www\\Confitech\\CI4\\app\\Views\\alunos\\home.php')
 3 SYSTEMPATH\View\View.php(227): CodeIgniter\View\View->CodeIgniter\View\{closure}()
 4 SYSTEMPATH\Common.php(1173): CodeIgniter\View\View->render('alunos/home', [], true)
 5 APPPATH\Controllers\Aluno.php(19): view('alunos/home', [...])
 6 SYSTEMPATH\CodeIgniter.php(933): App\Controllers\Aluno->index()
 7 SYSTEMPATH\CodeIgniter.php(507): CodeIgniter\CodeIgniter->runController(Object(App\Controllers\Aluno))
 8 SYSTEMPATH\CodeIgniter.php(354): CodeIgniter\CodeIgniter->handleRequest(null, Object(Config\Cache), false)
 9 SYSTEMPATH\Boot.php(334): CodeIgniter\CodeIgniter->run()
10 SYSTEMPATH\Boot.php(67): CodeIgniter\Boot::runCodeIgniter(Object(CodeIgniter\CodeIgniter))
11 FCPATH\index.php(59): CodeIgniter\Boot::bootWeb(Object(Config\Paths))
CRITICAL - 2025-05-25 18:21:45 --> CodeIgniter\View\Exceptions\ViewException: Invalid file: "aluno/sucesso.php"
[Method: GET, Route: alunos]
in SYSTEMPATH\Exceptions\FrameworkException.php on line 39.
 1 SYSTEMPATH\View\View.php(212): CodeIgniter\Exceptions\FrameworkException::forInvalidFile('aluno/sucesso.php')
 2 SYSTEMPATH\Common.php(1173): CodeIgniter\View\View->render('aluno/sucesso', [], true)
 3 APPPATH\Controllers\Aluno.php(31): view('aluno/sucesso')
 4 SYSTEMPATH\CodeIgniter.php(933): App\Controllers\Aluno->store()
 5 SYSTEMPATH\CodeIgniter.php(507): CodeIgniter\CodeIgniter->runController(Object(App\Controllers\Aluno))
 6 SYSTEMPATH\CodeIgniter.php(354): CodeIgniter\CodeIgniter->handleRequest(null, Object(Config\Cache), false)
 7 SYSTEMPATH\Boot.php(334): CodeIgniter\CodeIgniter->run()
 8 SYSTEMPATH\Boot.php(67): CodeIgniter\Boot::runCodeIgniter(Object(CodeIgniter\CodeIgniter))
 9 FCPATH\index.php(59): CodeIgniter\Boot::bootWeb(Object(Config\Paths))
CRITICAL - 2025-05-25 22:14:30 --> CodeIgniter\Router\Exceptions\RouterException: The route for "aluno.store" cannot be found.
[Method: GET, Route: aluno/create]
in SYSTEMPATH\Helpers\url_helper.php on line 512.
 1 SYSTEMPATH\Helpers\url_helper.php(512): CodeIgniter\Router\Exceptions\RouterException::forInvalidRoute('aluno.store')
 2 APPPATH\Views\alunos\form.php(11): url_to('aluno.store')
 3 SYSTEMPATH\View\View.php(224): include('C:\\wamp64\\www\\Confitech\\CI4\\app\\Views\\alunos\\form.php')
 4 SYSTEMPATH\View\View.php(227): CodeIgniter\View\View->CodeIgniter\View\{closure}()
 5 SYSTEMPATH\Common.php(1173): CodeIgniter\View\View->render('alunos/form', [], true)
 6 APPPATH\Controllers\Aluno.php(23): view('alunos/form')
 7 SYSTEMPATH\CodeIgniter.php(933): App\Controllers\Aluno->create()
 8 SYSTEMPATH\CodeIgniter.php(507): CodeIgniter\CodeIgniter->runController(Object(App\Controllers\Aluno))
 9 SYSTEMPATH\CodeIgniter.php(354): CodeIgniter\CodeIgniter->handleRequest(null, Object(Config\Cache), false)
10 SYSTEMPATH\Boot.php(334): CodeIgniter\CodeIgniter->run()
11 SYSTEMPATH\Boot.php(67): CodeIgniter\Boot::runCodeIgniter(Object(CodeIgniter\CodeIgniter))
12 FCPATH\index.php(59): CodeIgniter\Boot::bootWeb(Object(Config\Paths))
CRITICAL - 2025-05-25 22:14:44 --> CodeIgniter\Router\Exceptions\RouterException: The route for "aluno.store" cannot be found.
[Method: GET, Route: aluno/create]
in SYSTEMPATH\Helpers\url_helper.php on line 512.
 1 SYSTEMPATH\Helpers\url_helper.php(512): CodeIgniter\Router\Exceptions\RouterException::forInvalidRoute('aluno.store')
 2 APPPATH\Views\alunos\form.php(11): url_to('aluno.store')
 3 SYSTEMPATH\View\View.php(224): include('C:\\wamp64\\www\\Confitech\\CI4\\app\\Views\\alunos\\form.php')
 4 SYSTEMPATH\View\View.php(227): CodeIgniter\View\View->CodeIgniter\View\{closure}()
 5 SYSTEMPATH\Common.php(1173): CodeIgniter\View\View->render('alunos/form', [], true)
 6 APPPATH\Controllers\Aluno.php(23): view('alunos/form')
 7 SYSTEMPATH\CodeIgniter.php(933): App\Controllers\Aluno->create()
 8 SYSTEMPATH\CodeIgniter.php(507): CodeIgniter\CodeIgniter->runController(Object(App\Controllers\Aluno))
 9 SYSTEMPATH\CodeIgniter.php(354): CodeIgniter\CodeIgniter->handleRequest(null, Object(Config\Cache), false)
10 SYSTEMPATH\Boot.php(334): CodeIgniter\CodeIgniter->run()
11 SYSTEMPATH\Boot.php(67): CodeIgniter\Boot::runCodeIgniter(Object(CodeIgniter\CodeIgniter))
12 FCPATH\index.php(59): CodeIgniter\Boot::bootWeb(Object(Config\Paths))
CRITICAL - 2025-05-25 22:14:47 --> CodeIgniter\Router\Exceptions\RouterException: The route for "aluno.store" cannot be found.
[Method: GET, Route: aluno/create]
in SYSTEMPATH\Helpers\url_helper.php on line 512.
 1 SYSTEMPATH\Helpers\url_helper.php(512): CodeIgniter\Router\Exceptions\RouterException::forInvalidRoute('aluno.store')
 2 APPPATH\Views\alunos\form.php(11): url_to('aluno.store')
 3 SYSTEMPATH\View\View.php(224): include('C:\\wamp64\\www\\Confitech\\CI4\\app\\Views\\alunos\\form.php')
 4 SYSTEMPATH\View\View.php(227): CodeIgniter\View\View->CodeIgniter\View\{closure}()
 5 SYSTEMPATH\Common.php(1173): CodeIgniter\View\View->render('alunos/form', [], true)
 6 APPPATH\Controllers\Aluno.php(23): view('alunos/form')
 7 SYSTEMPATH\CodeIgniter.php(933): App\Controllers\Aluno->create()
 8 SYSTEMPATH\CodeIgniter.php(507): CodeIgniter\CodeIgniter->runController(Object(App\Controllers\Aluno))
 9 SYSTEMPATH\CodeIgniter.php(354): CodeIgniter\CodeIgniter->handleRequest(null, Object(Config\Cache), false)
10 SYSTEMPATH\Boot.php(334): CodeIgniter\CodeIgniter->run()
11 SYSTEMPATH\Boot.php(67): CodeIgniter\Boot::runCodeIgniter(Object(CodeIgniter\CodeIgniter))
12 FCPATH\index.php(59): CodeIgniter\Boot::bootWeb(Object(Config\Paths))
CRITICAL - 2025-05-25 22:14:49 --> CodeIgniter\Router\Exceptions\RouterException: The route for "aluno.store" cannot be found.
[Method: GET, Route: aluno/create]
in SYSTEMPATH\Helpers\url_helper.php on line 512.
 1 SYSTEMPATH\Helpers\url_helper.php(512): CodeIgniter\Router\Exceptions\RouterException::forInvalidRoute('aluno.store')
 2 APPPATH\Views\alunos\form.php(11): url_to('aluno.store')
 3 SYSTEMPATH\View\View.php(224): include('C:\\wamp64\\www\\Confitech\\CI4\\app\\Views\\alunos\\form.php')
 4 SYSTEMPATH\View\View.php(227): CodeIgniter\View\View->CodeIgniter\View\{closure}()
 5 SYSTEMPATH\Common.php(1173): CodeIgniter\View\View->render('alunos/form', [], true)
 6 APPPATH\Controllers\Aluno.php(23): view('alunos/form')
 7 SYSTEMPATH\CodeIgniter.php(933): App\Controllers\Aluno->create()
 8 SYSTEMPATH\CodeIgniter.php(507): CodeIgniter\CodeIgniter->runController(Object(App\Controllers\Aluno))
 9 SYSTEMPATH\CodeIgniter.php(354): CodeIgniter\CodeIgniter->handleRequest(null, Object(Config\Cache), false)
10 SYSTEMPATH\Boot.php(334): CodeIgniter\CodeIgniter->run()
11 SYSTEMPATH\Boot.php(67): CodeIgniter\Boot::runCodeIgniter(Object(CodeIgniter\CodeIgniter))
12 FCPATH\index.php(59): CodeIgniter\Boot::bootWeb(Object(Config\Paths))
CRITICAL - 2025-05-25 22:15:05 --> CodeIgniter\Router\Exceptions\RouterException: The route for "aluno/store" cannot be found.
[Method: GET, Route: aluno/create]
in SYSTEMPATH\Helpers\url_helper.php on line 512.
 1 SYSTEMPATH\Helpers\url_helper.php(512): CodeIgniter\Router\Exceptions\RouterException::forInvalidRoute('aluno/store')
 2 APPPATH\Views\alunos\form.php(11): url_to('aluno/store')
 3 SYSTEMPATH\View\View.php(224): include('C:\\wamp64\\www\\Confitech\\CI4\\app\\Views\\alunos\\form.php')
 4 SYSTEMPATH\View\View.php(227): CodeIgniter\View\View->CodeIgniter\View\{closure}()
 5 SYSTEMPATH\Common.php(1173): CodeIgniter\View\View->render('alunos/form', [], true)
 6 APPPATH\Controllers\Aluno.php(23): view('alunos/form')
 7 SYSTEMPATH\CodeIgniter.php(933): App\Controllers\Aluno->create()
 8 SYSTEMPATH\CodeIgniter.php(507): CodeIgniter\CodeIgniter->runController(Object(App\Controllers\Aluno))
 9 SYSTEMPATH\CodeIgniter.php(354): CodeIgniter\CodeIgniter->handleRequest(null, Object(Config\Cache), false)
10 SYSTEMPATH\Boot.php(334): CodeIgniter\CodeIgniter->run()
11 SYSTEMPATH\Boot.php(67): CodeIgniter\Boot::runCodeIgniter(Object(CodeIgniter\CodeIgniter))
12 FCPATH\index.php(59): CodeIgniter\Boot::bootWeb(Object(Config\Paths))
CRITICAL - 2025-05-25 22:16:21 --> CodeIgniter\Router\Exceptions\RouterException: The route for "aluno.store" cannot be found.
[Method: GET, Route: aluno/create]
in SYSTEMPATH\Helpers\url_helper.php on line 512.
 1 SYSTEMPATH\Helpers\url_helper.php(512): CodeIgniter\Router\Exceptions\RouterException::forInvalidRoute('aluno.store')
 2 APPPATH\Views\alunos\form.php(11): url_to('aluno.store')
 3 SYSTEMPATH\View\View.php(224): include('C:\\wamp64\\www\\Confitech\\CI4\\app\\Views\\alunos\\form.php')
 4 SYSTEMPATH\View\View.php(227): CodeIgniter\View\View->CodeIgniter\View\{closure}()
 5 SYSTEMPATH\Common.php(1173): CodeIgniter\View\View->render('alunos/form', [], true)
 6 APPPATH\Controllers\Aluno.php(23): view('alunos/form')
 7 SYSTEMPATH\CodeIgniter.php(933): App\Controllers\Aluno->create()
 8 SYSTEMPATH\CodeIgniter.php(507): CodeIgniter\CodeIgniter->runController(Object(App\Controllers\Aluno))
 9 SYSTEMPATH\CodeIgniter.php(354): CodeIgniter\CodeIgniter->handleRequest(null, Object(Config\Cache), false)
10 SYSTEMPATH\Boot.php(334): CodeIgniter\CodeIgniter->run()
11 SYSTEMPATH\Boot.php(67): CodeIgniter\Boot::runCodeIgniter(Object(CodeIgniter\CodeIgniter))
12 FCPATH\index.php(59): CodeIgniter\Boot::bootWeb(Object(Config\Paths))
CRITICAL - 2025-05-25 22:46:33 --> CodeIgniter\Router\Exceptions\RouterException: The namespace delimiter is a backslash (\), not a slash (/). Route handler: "\App\Controllers\aluno/store"
[Method: GET, Route: aluno/store]
in SYSTEMPATH\Router\Router.php on line 496.
 1 SYSTEMPATH\Router\Router.php(496): CodeIgniter\Router\Exceptions\RouterException::forInvalidControllerName('\\App\\Controllers\\aluno/store')
 2 SYSTEMPATH\Router\Router.php(213): CodeIgniter\Router\Router->checkRoutes('aluno/store')
 3 SYSTEMPATH\CodeIgniter.php(832): CodeIgniter\Router\Router->handle('aluno/store')
 4 SYSTEMPATH\CodeIgniter.php(455): CodeIgniter\CodeIgniter->tryToRouteIt(Object(CodeIgniter\Router\RouteCollection))
 5 SYSTEMPATH\CodeIgniter.php(354): CodeIgniter\CodeIgniter->handleRequest(null, Object(Config\Cache), false)
 6 SYSTEMPATH\Boot.php(334): CodeIgniter\CodeIgniter->run()
 7 SYSTEMPATH\Boot.php(67): CodeIgniter\Boot::runCodeIgniter(Object(CodeIgniter\CodeIgniter))
 8 FCPATH\index.php(59): CodeIgniter\Boot::bootWeb(Object(Config\Paths))
CRITICAL - 2025-05-25 22:47:41 --> CodeIgniter\Router\Exceptions\RouterException: The namespace delimiter is a backslash (\), not a slash (/). Route handler: "\App\Controllers\aluno/store"
[Method: GET, Route: aluno/store]
in SYSTEMPATH\Router\Router.php on line 496.
 1 SYSTEMPATH\Router\Router.php(496): CodeIgniter\Router\Exceptions\RouterException::forInvalidControllerName('\\App\\Controllers\\aluno/store')
 2 SYSTEMPATH\Router\Router.php(213): CodeIgniter\Router\Router->checkRoutes('aluno/store')
 3 SYSTEMPATH\CodeIgniter.php(832): CodeIgniter\Router\Router->handle('aluno/store')
 4 SYSTEMPATH\CodeIgniter.php(455): CodeIgniter\CodeIgniter->tryToRouteIt(Object(CodeIgniter\Router\RouteCollection))
 5 SYSTEMPATH\CodeIgniter.php(354): CodeIgniter\CodeIgniter->handleRequest(null, Object(Config\Cache), false)
 6 SYSTEMPATH\Boot.php(334): CodeIgniter\CodeIgniter->run()
 7 SYSTEMPATH\Boot.php(67): CodeIgniter\Boot::runCodeIgniter(Object(CodeIgniter\CodeIgniter))
 8 FCPATH\index.php(59): CodeIgniter\Boot::bootWeb(Object(Config\Paths))
CRITICAL - 2025-05-25 22:48:01 --> CodeIgniter\Router\Exceptions\RouterException: The namespace delimiter is a backslash (\), not a slash (/). Route handler: "\App\Controllers\aluno/store"
[Method: GET, Route: aluno/store]
in SYSTEMPATH\Router\Router.php on line 496.
 1 SYSTEMPATH\Router\Router.php(496): CodeIgniter\Router\Exceptions\RouterException::forInvalidControllerName('\\App\\Controllers\\aluno/store')
 2 SYSTEMPATH\Router\Router.php(213): CodeIgniter\Router\Router->checkRoutes('aluno/store')
 3 SYSTEMPATH\CodeIgniter.php(832): CodeIgniter\Router\Router->handle('aluno/store')
 4 SYSTEMPATH\CodeIgniter.php(455): CodeIgniter\CodeIgniter->tryToRouteIt(Object(CodeIgniter\Router\RouteCollection))
 5 SYSTEMPATH\CodeIgniter.php(354): CodeIgniter\CodeIgniter->handleRequest(null, Object(Config\Cache), false)
 6 SYSTEMPATH\Boot.php(334): CodeIgniter\CodeIgniter->run()
 7 SYSTEMPATH\Boot.php(67): CodeIgniter\Boot::runCodeIgniter(Object(CodeIgniter\CodeIgniter))
 8 FCPATH\index.php(59): CodeIgniter\Boot::bootWeb(Object(Config\Paths))
CRITICAL - 2025-05-25 22:48:15 --> CodeIgniter\Router\Exceptions\RouterException: The namespace delimiter is a backslash (\), not a slash (/). Route handler: "\App\Controllers\aluno/store"
[Method: GET, Route: aluno/store]
in SYSTEMPATH\Router\Router.php on line 496.
 1 SYSTEMPATH\Router\Router.php(496): CodeIgniter\Router\Exceptions\RouterException::forInvalidControllerName('\\App\\Controllers\\aluno/store')
 2 SYSTEMPATH\Router\Router.php(213): CodeIgniter\Router\Router->checkRoutes('aluno/store')
 3 SYSTEMPATH\CodeIgniter.php(832): CodeIgniter\Router\Router->handle('aluno/store')
 4 SYSTEMPATH\CodeIgniter.php(455): CodeIgniter\CodeIgniter->tryToRouteIt(Object(CodeIgniter\Router\RouteCollection))
 5 SYSTEMPATH\CodeIgniter.php(354): CodeIgniter\CodeIgniter->handleRequest(null, Object(Config\Cache), false)
 6 SYSTEMPATH\Boot.php(334): CodeIgniter\CodeIgniter->run()
 7 SYSTEMPATH\Boot.php(67): CodeIgniter\Boot::runCodeIgniter(Object(CodeIgniter\CodeIgniter))
 8 FCPATH\index.php(59): CodeIgniter\Boot::bootWeb(Object(Config\Paths))
CRITICAL - 2025-05-25 22:49:00 --> CodeIgniter\Router\Exceptions\RouterException: The namespace delimiter is a backslash (\), not a slash (/). Route handler: "\App\Controllers\aluno/store"
[Method: GET, Route: aluno/store]
in SYSTEMPATH\Router\Router.php on line 496.
 1 SYSTEMPATH\Router\Router.php(496): CodeIgniter\Router\Exceptions\RouterException::forInvalidControllerName('\\App\\Controllers\\aluno/store')
 2 SYSTEMPATH\Router\Router.php(213): CodeIgniter\Router\Router->checkRoutes('aluno/store')
 3 SYSTEMPATH\CodeIgniter.php(832): CodeIgniter\Router\Router->handle('aluno/store')
 4 SYSTEMPATH\CodeIgniter.php(455): CodeIgniter\CodeIgniter->tryToRouteIt(Object(CodeIgniter\Router\RouteCollection))
 5 SYSTEMPATH\CodeIgniter.php(354): CodeIgniter\CodeIgniter->handleRequest(null, Object(Config\Cache), false)
 6 SYSTEMPATH\Boot.php(334): CodeIgniter\CodeIgniter->run()
 7 SYSTEMPATH\Boot.php(67): CodeIgniter\Boot::runCodeIgniter(Object(CodeIgniter\CodeIgniter))
 8 FCPATH\index.php(59): CodeIgniter\Boot::bootWeb(Object(Config\Paths))
